    readtree->SetBranchStatus("lep1_charge",1);
    readtree->SetBranchStatus("lep1_pdgId",1);
    readtree->SetBranchStatus("lep2_charge",1);
    readtree->SetBranchStatus("lep2_pdgId",1);
    readtree->SetBranchStatus("massL_SFOS",1);
    readtree->SetBranchStatus("mass_diele",1);
    readtree->SetBranchStatus("metLD",1);
    readtree->SetBranchStatus("nBJetLoose",1);
    readtree->SetBranchStatus("nBJetMedium",1);
    readtree->SetBranchStatus("nLightJet",1);
    readtree->SetBranchStatus("n_presel_ele",1);
    readtree->SetBranchStatus("n_presel_jet",1);
    readtree->SetBranchStatus("n_presel_mu",1);


  SetBranchStatus done 

    oldtree->SetBranchAddress("lep1_charge",&lep1_charge);
    oldtree->SetBranchAddress("lep1_pdgId",&lep1_pdgId);
    oldtree->SetBranchAddress("lep2_charge",&lep2_charge);
    oldtree->SetBranchAddress("lep2_pdgId",&lep2_pdgId);
    oldtree->SetBranchAddress("massL_SFOS",&massL_SFOS);
    oldtree->SetBranchAddress("mass_diele",&mass_diele);
    oldtree->SetBranchAddress("metLD",&metLD);
    oldtree->SetBranchAddress("nBJetLoose",&nBJetLoose);
    oldtree->SetBranchAddress("nBJetMedium",&nBJetMedium);
    oldtree->SetBranchAddress("nLightJet",&nLightJet);
    oldtree->SetBranchAddress("n_presel_ele",&n_presel_ele);
    oldtree->SetBranchAddress("n_presel_jet",&n_presel_jet);
    oldtree->SetBranchAddress("n_presel_mu",&n_presel_mu);


  SetBranchAddress done 

    float lep1_charge = 0;
    float lep1_pdgId = 0;
    float lep2_charge = 0;
    float lep2_pdgId = 0;
    float massL_SFOS = 0;
    float mass_diele = 0;
    float metLD = 0;
    float nBJetLoose = 0;
    float nBJetMedium = 0;
    float nLightJet = 0;
    float n_presel_ele = 0;
    float n_presel_jet = 0;
    float n_presel_mu = 0;


  variable declaration done 

        lep1_charge = -9;
        lep1_pdgId = -9;
        lep2_charge = -9;
        lep2_pdgId = -9;
        massL_SFOS = -9;
        mass_diele = -9;
        metLD = -9;
        nBJetLoose = -9;
        nBJetMedium = -9;
        nLightJet = -9;
        n_presel_ele = -9;
        n_presel_jet = -9;
        n_presel_mu = -9;


  variable clear done 



  set newtree branch done 

            inputs["lep1_charge"]=lep1_charge;
            inputs["lep1_pdgId"]=lep1_pdgId;
            inputs["lep2_charge"]=lep2_charge;
            inputs["lep2_pdgId"]=lep2_pdgId;
            inputs["massL_SFOS"]=massL_SFOS;
            inputs["mass_diele"]=mass_diele;
            inputs["metLD"]=metLD;
            inputs["nBJetLoose"]=nBJetLoose;
            inputs["nBJetMedium"]=nBJetMedium;
            inputs["nLightJet"]=nLightJet;
            inputs["n_presel_ele"]=n_presel_ele;
            inputs["n_presel_jet"]=n_presel_jet;
            inputs["n_presel_mu"]=n_presel_mu;
